<?xml version="1.0" encoding="UTF-8"?>
<!-- Generated by org.testng.reporters.JUnitXMLReporter -->
<testsuite ignored="0" hostname="TulipsKALaptop" failures="0" tests="2" name="Default test" time="29.756" errors="0" timestamp="2024-04-01T21:24:24 EDT">
  <testcase classname="automationProject.MRSSiteRegistrationManualAuto" name="callingRegistrationManual" time="15.236"/>
  <testcase classname="automationProject.MRSSiteRegistrationManualAuto" name="callingRegistration" time="14.476"/>
</testsuite> <!-- Default test -->
