<?xml version="1.0" encoding="UTF-8"?>
<testng-results ignored="0" total="1" passed="1" failed="0" skipped="0">
  <reporter-output>
  </reporter-output>
  <suite started-at="2024-03-29T16:51:00 EDT" name="Default suite" finished-at="2024-03-29T16:51:14 EDT" duration-ms="14508">
    <groups>
    </groups>
    <test started-at="2024-03-29T16:51:00 EDT" name="Default test" finished-at="2024-03-29T16:51:14 EDT" duration-ms="14508">
      <class name="automationtesting.FacebookLogin">
        <test-method signature="facebookLoginMethod()[pri:0, instance:automationtesting.FacebookLogin@8dbdac1]" started-at="2024-03-29T16:51:00 EDT" name="facebookLoginMethod" finished-at="2024-03-29T16:51:14 EDT" duration-ms="14486" status="PASS">
          <reporter-output>
          </reporter-output>
        </test-method> <!-- facebookLoginMethod -->
      </class> <!-- automationtesting.FacebookLogin -->
    </test> <!-- Default test -->
  </suite> <!-- Default suite -->
</testng-results>
