<?xml version="1.0" encoding="UTF-8"?>
<testng-results ignored="0" total="1" passed="1" failed="0" skipped="0">
  <reporter-output>
  </reporter-output>
  <suite started-at="2024-04-08T02:38:05 EDT" name="Default suite" finished-at="2024-04-08T02:38:11 EDT" duration-ms="6477">
    <groups>
    </groups>
    <test started-at="2024-04-08T02:38:05 EDT" name="Default test" finished-at="2024-04-08T02:38:11 EDT" duration-ms="6477">
      <class name="automationProject.OpenMrs_AppSchedule_NewService">
        <test-method signature="Login()[pri:0, instance:automationProject.OpenMrs_AppSchedule_NewService@4f6ee6e4]" started-at="2024-04-08T02:38:05 EDT" name="Login" finished-at="2024-04-08T02:38:11 EDT" duration-ms="6446" status="PASS">
          <reporter-output>
          </reporter-output>
        </test-method> <!-- Login -->
      </class> <!-- automationProject.OpenMrs_AppSchedule_NewService -->
    </test> <!-- Default test -->
  </suite> <!-- Default suite -->
</testng-results>
