<?xml version="1.0" encoding="UTF-8"?>
<!-- Generated by org.testng.reporters.JUnitXMLReporter -->
<testsuite ignored="0" hostname="TulipsKALaptop" failures="0" tests="1" name="Test" time="0.031" errors="0" timestamp="2024-03-28T18:54:06 EDT">
  <testcase classname="SeleniumDayChallenge.Day1_BypassBrowserAuth" name="@BeforeClass Setup" time="0.006">
    <failure type="java.lang.NullPointerException" message="Cannot invoke &amp;quot;org.openqa.selenium.WebDriver.manage()&amp;quot; because &amp;quot;this.driver&amp;quot; is null">
      <![CDATA[java.lang.NullPointerException: Cannot invoke "org.openqa.selenium.WebDriver.manage()" because "this.driver" is null
at SeleniumDayChallenge.Day1_BypassBrowserAuth.Setup(Day1_BypassBrowserAuth.java:24)
at java.base/java.util.ArrayList.forEach(ArrayList.java:1596)
... Removed 23 stack frames]]>
    </failure>
  </testcase> <!-- @BeforeClass Setup -->
  <testcase classname="SeleniumDayChallenge.Day1_BypassBrowserAuth" name="@AfterClass teardown" time="-1.711666446336E9">
    <skipped/>
  </testcase> <!-- @AfterClass teardown -->
  <testcase classname="SeleniumDayChallenge.Day1_BypassBrowserAuth" name="process" time="0.0">
    <skipped/>
  </testcase> <!-- process -->
</testsuite> <!-- Test -->
