<?xml version="1.0" encoding="UTF-8"?>
<!-- Generated by org.testng.reporters.JUnitXMLReporter -->
<testsuite ignored="0" hostname="TulipsKALaptop" failures="0" tests="3" name="Test_01" time="0.03" errors="0" timestamp="2024-03-28T23:12:27 EDT">
  <testcase classname="SeleniumDayChallenge.AnnotationTest" name="testmethod2" time="0.006"/>
  <testcase classname="SeleniumDayChallenge.AnnotationTest" name="testmethod1" time="0.001"/>
  <testcase classname="SeleniumDayChallenge.AnnotationTest" name="testmethod0" time="0.0"/>
</testsuite> <!-- Test_01 -->
